\BOOKMARK [1][-]{Doc-Start}{\376\377\000A\000b\000b\000i\000l\000d\000u\000n\000g\000s\000v\000e\000r\000z\000e\000i\000c\000h\000n\000i\000s}{}% 1
\BOOKMARK [1][-]{Doc-Start}{\376\377\000T\000a\000b\000e\000l\000l\000e\000n\000v\000e\000r\000z\000e\000i\000c\000h\000n\000i\000s}{}% 2
\BOOKMARK [1][-]{Doc-Start}{\376\377\000C\000o\000d\000e\000b\000e\000i\000s\000p\000i\000e\000l\000v\000e\000r\000z\000e\000i\000c\000h\000n\000i\000s}{}% 3
\BOOKMARK [1][-]{section*.1}{\376\377\000S\000y\000m\000b\000o\000l\000v\000e\000r\000z\000e\000i\000c\000h\000n\000i\000s}{}% 4
\BOOKMARK [1][-]{section*.2}{\376\377\000A\000b\000k\000\374\000r\000z\000u\000n\000g\000s\000v\000e\000r\000z\000e\000i\000c\000h\000n\000i\000s}{}% 5
\BOOKMARK [1][-]{section.1}{\376\377\000E\000i\000n\000l\000e\000i\000t\000u\000n\000g}{}% 6
\BOOKMARK [1][-]{section.2}{\376\377\000H\000a\000r\000d\000w\000a\000r\000e\000a\000u\000f\000b\000a\000u}{}% 7
\BOOKMARK [2][-]{subsection.2.1}{\376\377\000L\000\366\000s\000u\000n\000g\000s\000k\000o\000n\000z\000e\000p\000t}{section.2}% 8
\BOOKMARK [2][-]{subsection.2.2}{\376\377\000C\000o\000n\000t\000r\000o\000l\000l\000e\000r}{section.2}% 9
\BOOKMARK [2][-]{subsection.2.3}{\376\377\000W\000i\000e\000g\000e\000v\000o\000r\000r\000i\000c\000h\000t\000u\000n\000g}{section.2}% 10
\BOOKMARK [2][-]{subsection.2.4}{\376\377\000l\000o\000k\000a\000l\000e\000\040\000A\000n\000z\000e\000i\000g\000e}{section.2}% 11
\BOOKMARK [2][-]{subsection.2.5}{\376\377\000V\000e\000r\000b\000i\000n\000d\000e\000n\000\040\000d\000e\000r\000\040\000K\000o\000m\000p\000o\000n\000e\000n\000t\000e\000n}{section.2}% 12
\BOOKMARK [1][-]{section.3}{\376\377\000S\000o\000f\000t\000w\000a\000r\000e}{}% 13
\BOOKMARK [2][-]{subsection.3.1}{\376\377\000A\000r\000d\000u\000i\000n\000o}{section.3}% 14
\BOOKMARK [3][-]{subsubsection.3.1.1}{\376\377\000W\000\344\000g\000e\000z\000e\000l\000l\000e}{subsection.3.1}% 15
\BOOKMARK [3][-]{subsubsection.3.1.2}{\376\377\000B\000L\000E}{subsection.3.1}% 16
\BOOKMARK [3][-]{subsubsection.3.1.3}{\376\377\000S\000e\000g\000m\000e\000n\000t\000d\000i\000s\000p\000l\000a\000y}{subsection.3.1}% 17
\BOOKMARK [2][-]{subsection.3.2}{\376\377\000A\000p\000p}{section.3}% 18
\BOOKMARK [3][-]{subsubsection.3.2.1}{\376\377\000F\000r\000a\000m\000e\000w\000o\000r\000k}{subsection.3.2}% 19
\BOOKMARK [3][-]{subsubsection.3.2.2}{\376\377\000B\000L\000E}{subsection.3.2}% 20
\BOOKMARK [3][-]{subsubsection.3.2.3}{\376\377\000F\000r\000o\000n\000t\000e\000n\000d}{subsection.3.2}% 21
\BOOKMARK [1][-]{section.4}{\376\377\000Z\000u\000s\000a\000m\000m\000e\000n\000f\000a\000s\000s\000u\000n\000g\000\040\000u\000n\000d\000\040\000A\000u\000s\000b\000l\000i\000c\000k\000\040}{}% 22
\BOOKMARK [2][-]{subsection.4.1}{\376\377\000R\000e\000f\000l\000e\000x\000i\000o\000n}{section.4}% 23
\BOOKMARK [2][-]{subsection.4.2}{\376\377\000A\000u\000s\000b\000l\000i\000c\000k}{section.4}% 24
\BOOKMARK [1][-]{section.5}{\376\377\000E\000i\000n\000f\000\374\000h\000r\000u\000n\000g}{}% 25
\BOOKMARK [1][-]{section.6}{\376\377\000E\000n\000t\000w\000i\000c\000k\000l\000u\000n\000g\000s\000u\000m\000g\000e\000b\000u\000n\000g}{}% 26
\BOOKMARK [2][-]{subsection.6.1}{\376\377\000O\000n\000l\000i\000n\000e\000\040\000E\000n\000t\000w\000i\000c\000k\000l\000u\000n\000g\000s\000u\000m\000g\000e\000b\000u\000n\000g}{section.6}% 27
\BOOKMARK [2][-]{subsection.6.2}{\376\377\000O\000f\000f\000l\000i\000n\000e\000\040\000E\000n\000t\000w\000i\000c\000k\000l\000u\000n\000g\000s\000u\000m\000g\000e\000b\000u\000n\000g}{section.6}% 28
\BOOKMARK [1][-]{section.7}{\376\377\000F\000u\000n\000k\000t\000i\000o\000n\000a\000l\000i\000t\000\344\000t\000e\000n}{}% 29
\BOOKMARK [2][-]{subsection.7.1}{\376\377\000V\000e\000r\000z\000e\000i\000c\000h\000n\000i\000s\000s\000e}{section.7}% 30
\BOOKMARK [3][-]{subsubsection.7.1.1}{\376\377\000I\000n\000h\000a\000l\000t}{subsection.7.1}% 31
\BOOKMARK [2][-]{subsection.7.2}{\376\377\000A\000b\000b\000i\000l\000d\000u\000n\000g\000e\000n}{section.7}% 32
\BOOKMARK [2][-]{subsection.7.3}{\376\377\000T\000a\000b\000e\000l\000l\000e\000n}{section.7}% 33
\BOOKMARK [2][-]{subsection.7.4}{\376\377\000C\000o\000d\000e}{section.7}% 34
\BOOKMARK [2][-]{subsection.7.5}{\376\377\000S\000y\000m\000b\000o\000l\000e}{section.7}% 35
\BOOKMARK [2][-]{subsection.7.6}{\376\377\000A\000b\000k\000\374\000r\000z\000u\000n\000g\000s\000v\000e\000r\000z\000e\000i\000c\000h\000n\000i\000s}{section.7}% 36
\BOOKMARK [2][-]{subsection.7.7}{\376\377\000G\000l\000o\000s\000s\000a\000r}{section.7}% 37
\BOOKMARK [2][-]{subsection.7.8}{\376\377\000L\000i\000t\000e\000r\000a\000t\000u\000v\000e\000r\000z\000e\000i\000c\000h\000n\000i\000s}{section.7}% 38
\BOOKMARK [1][-]{subsection.7.8}{\376\377\000L\000i\000t\000e\000r\000a\000t\000u\000r\000v\000e\000r\000z\000e\000i\000c\000h\000n\000i\000s}{}% 39
\BOOKMARK [1][-]{section*.6}{\376\377\000G\000l\000o\000s\000s\000a\000r}{}% 40
\BOOKMARK [1][-]{appendix.A}{\376\377\000A\000n\000h\000a\000n\000g}{}% 41
\BOOKMARK [2][-]{subsection.A.1}{\376\377\000L\000i\000t\000e\000r\000a\000t\000u\000r\000v\000e\000r\000w\000a\000l\000t\000u\000n\000g\000s\000p\000r\000o\000g\000r\000a\000m\000m}{appendix.A}% 42
\BOOKMARK [2][-]{subsection.A.2}{\376\377\000T\000i\000t\000e\000l\000s\000e\000i\000t\000e}{appendix.A}% 43
\BOOKMARK [2][-]{subsection.A.3}{\376\377\000A\000c\000h\000t\000u\000n\000g\000\040\000b\000e\000i\000\040\000d\000e\000r\000\040\000e\000h\000r\000e\000n\000w\000\366\000r\000t\000l\000i\000c\000h\000e\000n\000\040\000E\000r\000k\000l\000\344\000r\000u\000n\000g}{appendix.A}% 44
\BOOKMARK [1][-]{subsection.A.3}{\376\377\000E\000h\000r\000e\000n\000w\000\366\000r\000t\000l\000i\000c\000h\000e\000\040\000E\000r\000k\000l\000\344\000r\000u\000n\000g}{}% 45
